00:29:34.384  400A7C,110338.40,5101.63261,-0.49920,0.080000
00:29:34.460  400678,105413.15,5101.63261,-00019.47240,0.080000,119.430000,0.700000,0.600000,6073.14,D
00:30:36.271  400A7C,110338.40,5101.63261,-0.49920,0.080000
00:30:36.294  400678,105413.15,5101.63261,-00019.47240,0.080000,119.430000,0.700000,0.600000,6073.14,D
00:31:46.107  400A7C,110338.40,5101.63261,-0.49920,0.080000
00:31:46.135  400678,105413.15,5101.63261,-00019.47240,0.080000,119.430000,0.700000,0.600000,6073.14,D
00:45:03.796  400A7C,110338.40,5101.63261,-0.49920,0.080000
00:45:03.818  400678,105413.15,5101.63261,-00019.47240,0.080000,119.430000,0.700000,0.600000,6073.14,D
02:19:51.406  400A7C,110338.40,5101.63261,-0.49920,0.080000
02:19:51.426  400678,105413.15,5101.63261,-00019.47240,0.080000,119.430000,0.700000,0.600000,6073.14,D
10:49:48.029  400A7C,110338.40,5101.63261,-0.49920,0.080000
10:49:48.069  400678,105413.15,5101.63261,-00019.47240,0.080000,119.430000,0.700000,0.600000,6073.14,D
10:55:14.360  400A7C,110338.40,5101.63261,-0.49920,0.080000
10:55:14.386  400678,105413.15,5101.63261,-00019.47240,0.080000,119.430000,0.700000,0.600000,6073.14,D
10:58:28.594  400A7C,110338.40,5101.63261,-0.49920,0.080000
10:58:28.620  400678,105413.15,5101.63261,-00019.47240,0.080000,119.430000,0.700000,0.600000,6073.14,D
10:59:03.059  400A7C,110338.40,5101.63261,-0.49920,0.080000
10:59:03.089  400678,105413.15,5101.63261,-00019.47240,0.080000,119.430000,0.700000,0.600000,6073.14,D
11:01:17.099  400A7C,110338.40,5101.63261,-0.49920,0.080000
11:01:17.127  400678,105413.15,5101.63261,-00019.47240,0.080000,119.430000,0.700000,0.600000,6073.14,D
11:38:01.945  400A7C,110338.40,5101.63261,-0.49920,0.080000
11:38:01.967  400678,105413.15,5101.63261,-00019.47240,0.080000,119.430000,0.700000,0.600000,6073.14,D
11:44:54.286  400A7C,110338.40,5101.63261,-0.49920,0.080000
11:44:54.311  400678,105413.15,5101.63261,-00019.47240,0.080000,119.430000,0.700000,0.600000,6073.14,D
11:54:19.472  400A7C,110338.40,5101.63261,-0.49920,0.080000
11:54:19.493  400678,105413.15,5101.63261,-00019.47240,0.080000,119.430000,0.700000,0.600000,6073.14,D
