00:09:58.034  400A7C,110338.40,5101.63261,-0.49920,0.080000
00:09:58.142  400678,105413.15,5101.63261,-00019.47240,0.080000,119.430000,0.700000,0.600000,6073.14,D
00:18:42.726  400A7C,110338.40,5101.63261,-0.49920,0.080000
00:18:42.756  400678,105413.15,5101.63261,-00019.47240,0.080000,119.430000,0.700000,0.600000,6073.14,D
11:58:12.075  400A7C,110338.40,5101.63261,-0.49920,0.080000
11:58:12.096  400678,105413.15,5101.63261,-00019.47240,0.080000,119.430000,0.700000,0.600000,6073.14,D
12:00:18.909  400A7C,110338.40,5101.63261,-0.49920,0.080000
12:00:18.912  400678,105413.15,5101.63261,-00019.47240,0.080000,119.430000,0.700000,0.600000,6073.14,D
12:05:11.587  400A7C,110338.40,5101.63261,-0.49920,0.080000
12:05:11.592  400678,105413.15,5101.63261,-00019.47240,0.080000,119.430000,0.700000,0.600000,6073.14,D
12:06:00.263  400A7C,110338.40,5101.63261,-0.49920,0.080000
12:06:00.267  400678,105413.15,5101.63261,-00019.47240,0.080000,119.430000,0.700000,0.600000,6073.14,D
12:07:30.478  400A7C,110338.40,5101.63261,-0.49920,0.080000
12:07:30.486  400678,105413.15,5101.63261,-00019.47240,0.080000,119.430000,0.700000,0.600000,6073.14,D
12:07:55.088  400A7C,110338.40,5101.63261,-0.49920,0.080000
12:07:55.093  400678,105413.15,5101.63261,-00019.47240,0.080000,119.430000,0.700000,0.600000,6073.14,D
12:09:08.439  400A7C,110338.40,5101.63261,-0.49920,0.080000
12:09:08.443  400678,105413.15,5101.63261,-00019.47240,0.080000,119.430000,0.700000,0.600000,6073.14,D
12:10:05.855  400A7C,110338.40,5101.63261,-0.49920,0.080000
12:10:05.861  400678,105413.15,5101.63261,-00019.47240,0.080000,119.430000,0.700000,0.600000,6073.14,D
12:11:38.164  400A7C,110338.40,5101.63261,-0.49920,0.080000
12:11:38.172  400678,105413.15,5101.63261,-00019.47240,0.080000,119.430000,0.700000,0.600000,6073.14,D
12:20:09.699  400A7C,110338.40,5101.63261,-0.49920,0.080000
12:20:09.724  400678,105413.15,5101.63261,-00019.47240,0.080000,119.430000,0.700000,0.600000,6073.14,D
12:26:43.604  400A7C,110338.40,5101.63261,-0.49920,0.080000
12:26:43.627  400678,105413.15,5101.63261,-00019.47240,0.080000,119.430000,0.700000,0.600000,6073.14,D
14:55:35.115  400A7C,110338.40,5101.63261,-0.49920,0.080000
14:55:35.168  400678,105413.15,5101.63261,-00019.47240,0.080000,119.430000,0.700000,0.600000,6073.14,D
15:02:34.915  400A7C,110338.40,5101.63261,-0.49920,0.080000
15:02:34.939  400678,105413.15,5101.63261,-00019.47240,0.080000,119.430000,0.700000,0.600000,6073.14,D
15:44:38.072  400A7C,110338.40,5101.63261,-0.49920,0.080000
15:44:38.131  400678,105413.15,5101.63261,-00019.47240,0.080000,119.430000,0.700000,0.600000,6073.14,D
16:56:08.871  400A7C,110338.40,5101.63261,-0.49920,0.080000
16:56:08.931  400678,105413.15,5101.63261,-00019.47240,0.080000,119.430000,0.700000,0.600000,6073.14,D
17:00:12.270  400A7C,110338.40,5101.63261,-0.49920,0.080000
17:00:12.291  400678,105413.15,5101.63261,-00019.47240,0.080000,119.430000,0.700000,0.600000,6073.14,D
17:58:30.547  400A7C,110338.40,5101.63261,-0.49920,0.080000
17:58:30.568  400678,105413.15,5101.63261,-00019.47240,0.080000,119.430000,0.700000,0.600000,6073.14,D
18:48:18.596  400A7C,110338.40,5101.63261,-0.49920,0.080000
18:48:18.634  400678,105413.15,5101.63261,-00019.47240,0.080000,119.430000,0.700000,0.600000,6073.14,D
