10:05:58.095 [main] DEBUG c.o.t.service.impl.ClientManagerImpl - Tracking group groupId
10:05:58.229 [main] DEBUG c.o.t.service.impl.ClientManagerImpl - Tracking group groupId
10:05:58.237 [main] DEBUG c.o.t.service.impl.ClientManagerImpl - Tracking group groupId
10:05:58.238 [main] DEBUG c.o.t.service.impl.ClientManagerImpl - Stop Tracking group groupId
11:53:33.495 [main] DEBUG c.o.t.service.impl.ClientManagerImpl - Tracking group groupId
11:53:33.526 [main] DEBUG c.o.t.service.impl.ClientManagerImpl - Tracking group groupId
11:53:33.542 [main] DEBUG c.o.t.service.impl.ClientManagerImpl - Tracking group groupId
11:53:33.542 [main] DEBUG c.o.t.service.impl.ClientManagerImpl - Stop Tracking group groupId
12:09:05.310 [main] DEBUG c.o.t.service.impl.ClientManagerImpl - Tracking group groupId
12:09:05.341 [main] DEBUG c.o.t.service.impl.ClientManagerImpl - Tracking group groupId
12:09:05.357 [main] DEBUG c.o.t.service.impl.ClientManagerImpl - Tracking group groupId
12:09:05.357 [main] DEBUG c.o.t.service.impl.ClientManagerImpl - Stop Tracking group groupId
13:57:35.005 [main] INFO  com.ordint.tcpears.server.TCPServer - Starting server....
13:57:35.008 [main] INFO  com.ordint.tcpears.server.TCPServer - Binding tcp ports
13:57:35.009 [main] INFO  com.ordint.tcpears.server.TCPServer - Listening on port 5011
13:57:35.133 [main] INFO  com.ordint.tcpears.server.TCPServer - Listening on port 5012
13:57:35.134 [main] INFO  com.ordint.tcpears.server.TCPServer - Listening on port 5013
13:57:35.135 [main] INFO  com.ordint.tcpears.server.TCPServer - Listening on port 5014
13:57:35.136 [main] INFO  com.ordint.tcpears.server.TCPServer - Listening on port 5015
13:57:35.136 [main] INFO  com.ordint.tcpears.server.TCPServer - Listening on port 5016
13:57:35.137 [main] INFO  com.ordint.tcpears.server.TCPServer - Listening on port 5017
13:57:35.137 [main] INFO  com.ordint.tcpears.server.TCPServer - Listening on port 5018
13:57:35.137 [main] INFO  com.ordint.tcpears.server.TCPServer - Listening on port 5019
13:57:35.137 [main] INFO  com.ordint.tcpears.server.TCPServer - Listening on port 5020
13:57:35.137 [main] INFO  com.ordint.tcpears.server.TCPServer - Binding udp ports
13:57:35.137 [main] INFO  com.ordint.tcpears.server.TCPServer - Listening on port 5011
13:57:35.153 [main] INFO  com.ordint.tcpears.server.TCPServer - Listening on port 5012
13:57:35.155 [main] INFO  com.ordint.tcpears.server.TCPServer - Listening on port 5013
13:57:35.155 [main] INFO  com.ordint.tcpears.server.TCPServer - Listening on port 5014
13:57:35.156 [main] INFO  com.ordint.tcpears.server.TCPServer - Listening on port 5015
13:57:35.156 [main] INFO  com.ordint.tcpears.server.TCPServer - Listening on port 5016
13:57:35.157 [main] INFO  com.ordint.tcpears.server.TCPServer - Listening on port 5017
13:57:35.157 [main] INFO  com.ordint.tcpears.server.TCPServer - Listening on port 5018
13:57:35.158 [main] INFO  com.ordint.tcpears.server.TCPServer - Listening on port 5019
13:57:35.159 [main] INFO  com.ordint.tcpears.server.TCPServer - Listening on port 5020
13:57:35.160 [main] INFO  com.ordint.tcpears.server.TCPServer - Admin rest server listening on 6013
13:59:07.595 [nioEventLoopGroup-3-1] INFO  c.o.t.s.impl.MySqlReplayService - Replay id: 1466633164
13:59:07.596 [nioEventLoopGroup-3-1] INFO  c.o.t.s.i.AdministrationServiceImpl - returning replay id 1466633164
14:19:51.774 [main] INFO  com.ordint.tcpears.server.TCPServer - Starting server....
14:19:51.777 [main] INFO  com.ordint.tcpears.server.TCPServer - Binding tcp ports
14:19:51.777 [main] INFO  com.ordint.tcpears.server.TCPServer - Listening on port 5011
14:19:51.890 [main] INFO  com.ordint.tcpears.server.TCPServer - Listening on port 5012
14:19:51.891 [main] INFO  com.ordint.tcpears.server.TCPServer - Listening on port 5013
14:19:51.891 [main] INFO  com.ordint.tcpears.server.TCPServer - Listening on port 5014
14:19:51.893 [main] INFO  com.ordint.tcpears.server.TCPServer - Listening on port 5015
14:19:51.894 [main] INFO  com.ordint.tcpears.server.TCPServer - Listening on port 5016
14:19:51.894 [main] INFO  com.ordint.tcpears.server.TCPServer - Listening on port 5017
14:19:51.895 [main] INFO  com.ordint.tcpears.server.TCPServer - Listening on port 5018
14:19:51.895 [main] INFO  com.ordint.tcpears.server.TCPServer - Listening on port 5019
14:19:51.895 [main] INFO  com.ordint.tcpears.server.TCPServer - Listening on port 5020
14:19:51.896 [main] INFO  com.ordint.tcpears.server.TCPServer - Binding udp ports
14:19:51.896 [main] INFO  com.ordint.tcpears.server.TCPServer - Listening on port 5011
14:19:51.909 [main] INFO  com.ordint.tcpears.server.TCPServer - Listening on port 5012
14:19:51.909 [main] INFO  com.ordint.tcpears.server.TCPServer - Listening on port 5013
14:19:51.910 [main] INFO  com.ordint.tcpears.server.TCPServer - Listening on port 5014
14:19:51.911 [main] INFO  com.ordint.tcpears.server.TCPServer - Listening on port 5015
14:19:51.911 [main] INFO  com.ordint.tcpears.server.TCPServer - Listening on port 5016
14:19:51.914 [main] INFO  com.ordint.tcpears.server.TCPServer - Listening on port 5017
14:19:51.914 [main] INFO  com.ordint.tcpears.server.TCPServer - Listening on port 5018
14:19:51.914 [main] INFO  com.ordint.tcpears.server.TCPServer - Listening on port 5019
14:19:51.914 [main] INFO  com.ordint.tcpears.server.TCPServer - Listening on port 5020
14:19:51.915 [main] INFO  com.ordint.tcpears.server.TCPServer - Admin rest server listening on 6013
14:21:17.959 [main] INFO  com.ordint.tcpears.server.TCPServer - Starting server....
14:21:17.962 [main] INFO  com.ordint.tcpears.server.TCPServer - Binding tcp ports
14:21:17.962 [main] INFO  com.ordint.tcpears.server.TCPServer - Listening on port 5011
14:21:18.081 [main] INFO  com.ordint.tcpears.server.TCPServer - Listening on port 5012
14:21:18.081 [main] INFO  com.ordint.tcpears.server.TCPServer - Listening on port 5013
14:21:18.082 [main] INFO  com.ordint.tcpears.server.TCPServer - Listening on port 5014
14:21:18.083 [main] INFO  com.ordint.tcpears.server.TCPServer - Listening on port 5015
14:21:18.083 [main] INFO  com.ordint.tcpears.server.TCPServer - Listening on port 5016
14:21:18.084 [main] INFO  com.ordint.tcpears.server.TCPServer - Listening on port 5017
14:21:18.086 [main] INFO  com.ordint.tcpears.server.TCPServer - Listening on port 5018
14:21:18.087 [main] INFO  com.ordint.tcpears.server.TCPServer - Listening on port 5019
14:21:18.088 [main] INFO  com.ordint.tcpears.server.TCPServer - Listening on port 5020
14:21:18.088 [main] INFO  com.ordint.tcpears.server.TCPServer - Binding udp ports
14:21:18.088 [main] INFO  com.ordint.tcpears.server.TCPServer - Listening on port 5011
14:21:18.102 [main] INFO  com.ordint.tcpears.server.TCPServer - Listening on port 5012
14:21:18.103 [main] INFO  com.ordint.tcpears.server.TCPServer - Listening on port 5013
14:21:18.103 [main] INFO  com.ordint.tcpears.server.TCPServer - Listening on port 5014
14:21:18.103 [main] INFO  com.ordint.tcpears.server.TCPServer - Listening on port 5015
14:21:18.103 [main] INFO  com.ordint.tcpears.server.TCPServer - Listening on port 5016
14:21:18.104 [main] INFO  com.ordint.tcpears.server.TCPServer - Listening on port 5017
14:21:18.104 [main] INFO  com.ordint.tcpears.server.TCPServer - Listening on port 5018
14:21:18.104 [main] INFO  com.ordint.tcpears.server.TCPServer - Listening on port 5019
14:21:18.104 [main] INFO  com.ordint.tcpears.server.TCPServer - Listening on port 5020
14:21:18.104 [main] INFO  com.ordint.tcpears.server.TCPServer - Admin rest server listening on 6013
14:24:00.177 [main] INFO  com.ordint.tcpears.server.TCPServer - Starting server....
14:24:00.180 [main] INFO  com.ordint.tcpears.server.TCPServer - Binding tcp ports
14:24:00.180 [main] INFO  com.ordint.tcpears.server.TCPServer - Listening on port 5011
14:24:00.312 [main] INFO  com.ordint.tcpears.server.TCPServer - Listening on port 5012
14:24:00.312 [main] INFO  com.ordint.tcpears.server.TCPServer - Listening on port 5013
14:24:00.312 [main] INFO  com.ordint.tcpears.server.TCPServer - Listening on port 5014
14:24:00.312 [main] INFO  com.ordint.tcpears.server.TCPServer - Listening on port 5015
14:24:00.313 [main] INFO  com.ordint.tcpears.server.TCPServer - Listening on port 5016
14:24:00.314 [main] INFO  com.ordint.tcpears.server.TCPServer - Listening on port 5017
14:24:00.314 [main] INFO  com.ordint.tcpears.server.TCPServer - Listening on port 5018
14:24:00.315 [main] INFO  com.ordint.tcpears.server.TCPServer - Listening on port 5019
14:24:00.315 [main] INFO  com.ordint.tcpears.server.TCPServer - Listening on port 5020
14:24:00.315 [main] INFO  com.ordint.tcpears.server.TCPServer - Binding udp ports
14:24:00.315 [main] INFO  com.ordint.tcpears.server.TCPServer - Listening on port 5011
14:24:00.325 [main] INFO  com.ordint.tcpears.server.TCPServer - Listening on port 5012
14:24:00.326 [main] INFO  com.ordint.tcpears.server.TCPServer - Listening on port 5013
14:24:00.327 [main] INFO  com.ordint.tcpears.server.TCPServer - Listening on port 5014
14:24:00.327 [main] INFO  com.ordint.tcpears.server.TCPServer - Listening on port 5015
14:24:00.327 [main] INFO  com.ordint.tcpears.server.TCPServer - Listening on port 5016
14:24:00.327 [main] INFO  com.ordint.tcpears.server.TCPServer - Listening on port 5017
14:24:00.328 [main] INFO  com.ordint.tcpears.server.TCPServer - Listening on port 5018
14:24:00.328 [main] INFO  com.ordint.tcpears.server.TCPServer - Listening on port 5019
14:24:00.328 [main] INFO  com.ordint.tcpears.server.TCPServer - Listening on port 5020
14:24:00.328 [main] INFO  com.ordint.tcpears.server.TCPServer - Admin rest server listening on 6013
14:25:18.134 [main] INFO  com.ordint.tcpears.server.TCPServer - Starting server....
14:25:18.137 [main] INFO  com.ordint.tcpears.server.TCPServer - Binding tcp ports
14:25:18.137 [main] INFO  com.ordint.tcpears.server.TCPServer - Listening on port 5011
14:25:18.257 [main] INFO  com.ordint.tcpears.server.TCPServer - Listening on port 5012
14:25:18.257 [main] INFO  com.ordint.tcpears.server.TCPServer - Listening on port 5013
14:25:18.258 [main] INFO  com.ordint.tcpears.server.TCPServer - Listening on port 5014
14:25:18.259 [main] INFO  com.ordint.tcpears.server.TCPServer - Listening on port 5015
14:25:18.260 [main] INFO  com.ordint.tcpears.server.TCPServer - Listening on port 5016
14:25:18.260 [main] INFO  com.ordint.tcpears.server.TCPServer - Listening on port 5017
14:25:18.261 [main] INFO  com.ordint.tcpears.server.TCPServer - Listening on port 5018
14:25:18.261 [main] INFO  com.ordint.tcpears.server.TCPServer - Listening on port 5019
14:25:18.261 [main] INFO  com.ordint.tcpears.server.TCPServer - Listening on port 5020
14:25:18.262 [main] INFO  com.ordint.tcpears.server.TCPServer - Binding udp ports
14:25:18.262 [main] INFO  com.ordint.tcpears.server.TCPServer - Listening on port 5011
14:25:18.276 [main] INFO  com.ordint.tcpears.server.TCPServer - Listening on port 5012
14:25:18.277 [main] INFO  com.ordint.tcpears.server.TCPServer - Listening on port 5013
14:25:18.278 [main] INFO  com.ordint.tcpears.server.TCPServer - Listening on port 5014
14:25:18.278 [main] INFO  com.ordint.tcpears.server.TCPServer - Listening on port 5015
14:25:18.278 [main] INFO  com.ordint.tcpears.server.TCPServer - Listening on port 5016
14:25:18.279 [main] INFO  com.ordint.tcpears.server.TCPServer - Listening on port 5017
14:25:18.280 [main] INFO  com.ordint.tcpears.server.TCPServer - Listening on port 5018
14:25:18.281 [main] INFO  com.ordint.tcpears.server.TCPServer - Listening on port 5019
14:25:18.281 [main] INFO  com.ordint.tcpears.server.TCPServer - Listening on port 5020
14:25:18.282 [main] INFO  com.ordint.tcpears.server.TCPServer - Admin rest server listening on 6013
14:27:28.120 [main] INFO  com.ordint.tcpears.server.TCPServer - Starting server....
14:27:28.124 [main] INFO  com.ordint.tcpears.server.TCPServer - Binding tcp ports
14:27:28.124 [main] INFO  com.ordint.tcpears.server.TCPServer - Listening on port 5011
14:27:28.237 [main] INFO  com.ordint.tcpears.server.TCPServer - Listening on port 5012
14:27:28.238 [main] INFO  com.ordint.tcpears.server.TCPServer - Listening on port 5013
14:27:28.239 [main] INFO  com.ordint.tcpears.server.TCPServer - Listening on port 5014
14:27:28.240 [main] INFO  com.ordint.tcpears.server.TCPServer - Listening on port 5015
14:27:28.241 [main] INFO  com.ordint.tcpears.server.TCPServer - Listening on port 5016
14:27:28.242 [main] INFO  com.ordint.tcpears.server.TCPServer - Listening on port 5017
14:27:28.242 [main] INFO  com.ordint.tcpears.server.TCPServer - Listening on port 5018
14:27:28.242 [main] INFO  com.ordint.tcpears.server.TCPServer - Listening on port 5019
14:27:28.242 [main] INFO  com.ordint.tcpears.server.TCPServer - Listening on port 5020
14:27:28.242 [main] INFO  com.ordint.tcpears.server.TCPServer - Binding udp ports
14:27:28.243 [main] INFO  com.ordint.tcpears.server.TCPServer - Listening on port 5011
14:27:28.253 [main] INFO  com.ordint.tcpears.server.TCPServer - Listening on port 5012
14:27:28.254 [main] INFO  com.ordint.tcpears.server.TCPServer - Listening on port 5013
14:27:28.254 [main] INFO  com.ordint.tcpears.server.TCPServer - Listening on port 5014
14:27:28.254 [main] INFO  com.ordint.tcpears.server.TCPServer - Listening on port 5015
14:27:28.254 [main] INFO  com.ordint.tcpears.server.TCPServer - Listening on port 5016
14:27:28.254 [main] INFO  com.ordint.tcpears.server.TCPServer - Listening on port 5017
14:27:28.254 [main] INFO  com.ordint.tcpears.server.TCPServer - Listening on port 5018
14:27:28.255 [main] INFO  com.ordint.tcpears.server.TCPServer - Listening on port 5019
14:27:28.255 [main] INFO  com.ordint.tcpears.server.TCPServer - Listening on port 5020
14:27:28.255 [main] INFO  com.ordint.tcpears.server.TCPServer - Admin rest server listening on 6013
14:30:08.009 [main] INFO  com.ordint.tcpears.server.TCPServer - Starting server....
14:30:08.013 [main] INFO  com.ordint.tcpears.server.TCPServer - Binding tcp ports
14:30:08.014 [main] INFO  com.ordint.tcpears.server.TCPServer - Listening on port 5011
14:30:08.177 [main] INFO  com.ordint.tcpears.server.TCPServer - Listening on port 5012
14:30:08.177 [main] INFO  com.ordint.tcpears.server.TCPServer - Listening on port 5013
14:30:08.178 [main] INFO  com.ordint.tcpears.server.TCPServer - Listening on port 5014
14:30:08.178 [main] INFO  com.ordint.tcpears.server.TCPServer - Listening on port 5015
14:30:08.179 [main] INFO  com.ordint.tcpears.server.TCPServer - Listening on port 5016
14:30:08.179 [main] INFO  com.ordint.tcpears.server.TCPServer - Listening on port 5017
14:30:08.179 [main] INFO  com.ordint.tcpears.server.TCPServer - Listening on port 5018
14:30:08.179 [main] INFO  com.ordint.tcpears.server.TCPServer - Listening on port 5019
14:30:08.180 [main] INFO  com.ordint.tcpears.server.TCPServer - Listening on port 5020
14:30:08.180 [main] INFO  com.ordint.tcpears.server.TCPServer - Binding udp ports
14:30:08.180 [main] INFO  com.ordint.tcpears.server.TCPServer - Listening on port 5011
14:30:08.198 [main] INFO  com.ordint.tcpears.server.TCPServer - Listening on port 5012
14:30:08.199 [main] INFO  com.ordint.tcpears.server.TCPServer - Listening on port 5013
14:30:08.199 [main] INFO  com.ordint.tcpears.server.TCPServer - Listening on port 5014
14:30:08.199 [main] INFO  com.ordint.tcpears.server.TCPServer - Listening on port 5015
14:30:08.199 [main] INFO  com.ordint.tcpears.server.TCPServer - Listening on port 5016
14:30:08.199 [main] INFO  com.ordint.tcpears.server.TCPServer - Listening on port 5017
14:30:08.199 [main] INFO  com.ordint.tcpears.server.TCPServer - Listening on port 5018
14:30:08.200 [main] INFO  com.ordint.tcpears.server.TCPServer - Listening on port 5019
14:30:08.200 [main] INFO  com.ordint.tcpears.server.TCPServer - Listening on port 5020
14:30:08.200 [main] INFO  com.ordint.tcpears.server.TCPServer - Admin rest server listening on 6013
14:30:12.167 [nioEventLoopGroup-3-1] ERROR c.o.t.s.i.AdministrationServiceImpl - Error starting race with id 132
org.springframework.jdbc.BadSqlGrammarException: PreparedStatementCallback; bad SQL grammar [update races set status ='STARTED', actualStartDate = NOW() where race_id=?]; nested exception is com.mysql.jdbc.exceptions.jdbc4.MySQLSyntaxErrorException: Unknown column 'actualStartDate' in 'field list'
	at org.springframework.jdbc.support.SQLErrorCodeSQLExceptionTranslator.doTranslate(SQLErrorCodeSQLExceptionTranslator.java:231) ~[spring-jdbc-4.1.2.RELEASE.jar:4.1.2.RELEASE]
	at org.springframework.jdbc.support.AbstractFallbackSQLExceptionTranslator.translate(AbstractFallbackSQLExceptionTranslator.java:73) ~[spring-jdbc-4.1.2.RELEASE.jar:4.1.2.RELEASE]
	at org.springframework.jdbc.core.JdbcTemplate.execute(JdbcTemplate.java:660) ~[spring-jdbc-4.1.2.RELEASE.jar:4.1.2.RELEASE]
	at org.springframework.jdbc.core.JdbcTemplate.update(JdbcTemplate.java:909) ~[spring-jdbc-4.1.2.RELEASE.jar:4.1.2.RELEASE]
	at org.springframework.jdbc.core.JdbcTemplate.update(JdbcTemplate.java:970) ~[spring-jdbc-4.1.2.RELEASE.jar:4.1.2.RELEASE]
	at org.springframework.jdbc.core.JdbcTemplate.update(JdbcTemplate.java:980) ~[spring-jdbc-4.1.2.RELEASE.jar:4.1.2.RELEASE]
	at com.ordint.tcpears.service.impl.DefaultRaceService.startRace(DefaultRaceService.java:59) ~[classes/:na]
	at com.ordint.tcpears.service.impl.AdministrationServiceImpl.startRace(AdministrationServiceImpl.java:104) ~[classes/:na]
	at sun.reflect.NativeMethodAccessorImpl.invoke0(Native Method) ~[na:1.8.0_25]
	at sun.reflect.NativeMethodAccessorImpl.invoke(Unknown Source) ~[na:1.8.0_25]
	at sun.reflect.DelegatingMethodAccessorImpl.invoke(Unknown Source) ~[na:1.8.0_25]
	at java.lang.reflect.Method.invoke(Unknown Source) ~[na:1.8.0_25]
	at com.ordint.rpc.JsonRpcHandler.invoke(JsonRpcHandler.java:186) [classes/:na]
	at com.ordint.rpc.JsonRpcHandler.handleObject(JsonRpcHandler.java:160) [classes/:na]
	at com.ordint.rpc.JsonRpcHandler.handleNode(JsonRpcHandler.java:79) [classes/:na]
	at com.ordint.rpc.JsonRpcHandler.handle(JsonRpcHandler.java:72) [classes/:na]
	at com.ordint.rpc.JsonRpcChannelHandler.channelRead(JsonRpcChannelHandler.java:42) [classes/:na]
	at io.netty.channel.AbstractChannelHandlerContext.invokeChannelRead(AbstractChannelHandlerContext.java:339) [netty-all-4.0.27.Final.jar:4.0.27.Final]
	at io.netty.channel.AbstractChannelHandlerContext.fireChannelRead(AbstractChannelHandlerContext.java:324) [netty-all-4.0.27.Final.jar:4.0.27.Final]
	at io.netty.handler.codec.MessageToMessageDecoder.channelRead(MessageToMessageDecoder.java:103) [netty-all-4.0.27.Final.jar:4.0.27.Final]
	at io.netty.channel.AbstractChannelHandlerContext.invokeChannelRead(AbstractChannelHandlerContext.java:339) [netty-all-4.0.27.Final.jar:4.0.27.Final]
	at io.netty.channel.AbstractChannelHandlerContext.fireChannelRead(AbstractChannelHandlerContext.java:324) [netty-all-4.0.27.Final.jar:4.0.27.Final]
	at io.netty.handler.codec.ByteToMessageDecoder.channelRead(ByteToMessageDecoder.java:242) [netty-all-4.0.27.Final.jar:4.0.27.Final]
	at io.netty.channel.AbstractChannelHandlerContext.invokeChannelRead(AbstractChannelHandlerContext.java:339) [netty-all-4.0.27.Final.jar:4.0.27.Final]
	at io.netty.channel.AbstractChannelHandlerContext.fireChannelRead(AbstractChannelHandlerContext.java:324) [netty-all-4.0.27.Final.jar:4.0.27.Final]
	at io.netty.channel.DefaultChannelPipeline.fireChannelRead(DefaultChannelPipeline.java:847) [netty-all-4.0.27.Final.jar:4.0.27.Final]
	at io.netty.channel.nio.AbstractNioByteChannel$NioByteUnsafe.read(AbstractNioByteChannel.java:131) [netty-all-4.0.27.Final.jar:4.0.27.Final]
	at io.netty.channel.nio.NioEventLoop.processSelectedKey(NioEventLoop.java:511) [netty-all-4.0.27.Final.jar:4.0.27.Final]
	at io.netty.channel.nio.NioEventLoop.processSelectedKeysOptimized(NioEventLoop.java:468) [netty-all-4.0.27.Final.jar:4.0.27.Final]
	at io.netty.channel.nio.NioEventLoop.processSelectedKeys(NioEventLoop.java:382) [netty-all-4.0.27.Final.jar:4.0.27.Final]
	at io.netty.channel.nio.NioEventLoop.run(NioEventLoop.java:354) [netty-all-4.0.27.Final.jar:4.0.27.Final]
	at io.netty.util.concurrent.SingleThreadEventExecutor$2.run(SingleThreadEventExecutor.java:111) [netty-all-4.0.27.Final.jar:4.0.27.Final]
	at io.netty.util.concurrent.DefaultThreadFactory$DefaultRunnableDecorator.run(DefaultThreadFactory.java:137) [netty-all-4.0.27.Final.jar:4.0.27.Final]
	at java.lang.Thread.run(Unknown Source) [na:1.8.0_25]
Caused by: com.mysql.jdbc.exceptions.jdbc4.MySQLSyntaxErrorException: Unknown column 'actualStartDate' in 'field list'
	at sun.reflect.NativeConstructorAccessorImpl.newInstance0(Native Method) ~[na:1.8.0_25]
	at sun.reflect.NativeConstructorAccessorImpl.newInstance(Unknown Source) ~[na:1.8.0_25]
	at sun.reflect.DelegatingConstructorAccessorImpl.newInstance(Unknown Source) ~[na:1.8.0_25]
	at java.lang.reflect.Constructor.newInstance(Unknown Source) ~[na:1.8.0_25]
	at com.mysql.jdbc.Util.handleNewInstance(Util.java:411) ~[mysql-connector-java-5.1.26.jar:na]
	at com.mysql.jdbc.Util.getInstance(Util.java:386) ~[mysql-connector-java-5.1.26.jar:na]
	at com.mysql.jdbc.SQLError.createSQLException(SQLError.java:1054) ~[mysql-connector-java-5.1.26.jar:na]
	at com.mysql.jdbc.MysqlIO.checkErrorPacket(MysqlIO.java:4190) ~[mysql-connector-java-5.1.26.jar:na]
	at com.mysql.jdbc.MysqlIO.checkErrorPacket(MysqlIO.java:4122) ~[mysql-connector-java-5.1.26.jar:na]
	at com.mysql.jdbc.MysqlIO.sendCommand(MysqlIO.java:2570) ~[mysql-connector-java-5.1.26.jar:na]
	at com.mysql.jdbc.MysqlIO.sqlQueryDirect(MysqlIO.java:2731) ~[mysql-connector-java-5.1.26.jar:na]
	at com.mysql.jdbc.ConnectionImpl.execSQL(ConnectionImpl.java:2818) ~[mysql-connector-java-5.1.26.jar:na]
	at com.mysql.jdbc.PreparedStatement.executeInternal(PreparedStatement.java:2157) ~[mysql-connector-java-5.1.26.jar:na]
	at com.mysql.jdbc.PreparedStatement.executeUpdate(PreparedStatement.java:2460) ~[mysql-connector-java-5.1.26.jar:na]
	at com.mysql.jdbc.PreparedStatement.executeUpdate(PreparedStatement.java:2377) ~[mysql-connector-java-5.1.26.jar:na]
	at com.mysql.jdbc.PreparedStatement.executeUpdate(PreparedStatement.java:2361) ~[mysql-connector-java-5.1.26.jar:na]
	at com.mchange.v2.c3p0.impl.NewProxyPreparedStatement.executeUpdate(NewProxyPreparedStatement.java:410) ~[c3p0-0.9.5.1.jar:0.9.5.1]
	at org.springframework.jdbc.core.JdbcTemplate$2.doInPreparedStatement(JdbcTemplate.java:916) ~[spring-jdbc-4.1.2.RELEASE.jar:4.1.2.RELEASE]
	at org.springframework.jdbc.core.JdbcTemplate$2.doInPreparedStatement(JdbcTemplate.java:909) ~[spring-jdbc-4.1.2.RELEASE.jar:4.1.2.RELEASE]
	at org.springframework.jdbc.core.JdbcTemplate.execute(JdbcTemplate.java:644) ~[spring-jdbc-4.1.2.RELEASE.jar:4.1.2.RELEASE]
	... 31 common frames omitted
14:30:13.339 [nioEventLoopGroup-3-1] INFO  c.o.t.s.impl.MySqlReplayService - Replay id: 1028896945
14:30:13.339 [nioEventLoopGroup-3-1] INFO  c.o.t.s.i.AdministrationServiceImpl - returning replay id 1028896945
14:32:04.464 [main] INFO  com.ordint.tcpears.server.TCPServer - Starting server....
14:32:04.467 [main] INFO  com.ordint.tcpears.server.TCPServer - Binding tcp ports
14:32:04.467 [main] INFO  com.ordint.tcpears.server.TCPServer - Listening on port 5011
14:32:04.582 [main] INFO  com.ordint.tcpears.server.TCPServer - Listening on port 5012
14:32:04.583 [main] INFO  com.ordint.tcpears.server.TCPServer - Listening on port 5013
14:32:04.584 [main] INFO  com.ordint.tcpears.server.TCPServer - Listening on port 5014
14:32:04.584 [main] INFO  com.ordint.tcpears.server.TCPServer - Listening on port 5015
14:32:04.585 [main] INFO  com.ordint.tcpears.server.TCPServer - Listening on port 5016
14:32:04.586 [main] INFO  com.ordint.tcpears.server.TCPServer - Listening on port 5017
14:32:04.586 [main] INFO  com.ordint.tcpears.server.TCPServer - Listening on port 5018
14:32:04.586 [main] INFO  com.ordint.tcpears.server.TCPServer - Listening on port 5019
14:32:04.586 [main] INFO  com.ordint.tcpears.server.TCPServer - Listening on port 5020
14:32:04.586 [main] INFO  com.ordint.tcpears.server.TCPServer - Binding udp ports
14:32:04.586 [main] INFO  com.ordint.tcpears.server.TCPServer - Listening on port 5011
14:32:04.596 [main] INFO  com.ordint.tcpears.server.TCPServer - Listening on port 5012
14:32:04.597 [main] INFO  com.ordint.tcpears.server.TCPServer - Listening on port 5013
14:32:04.597 [main] INFO  com.ordint.tcpears.server.TCPServer - Listening on port 5014
14:32:04.597 [main] INFO  com.ordint.tcpears.server.TCPServer - Listening on port 5015
14:32:04.597 [main] INFO  com.ordint.tcpears.server.TCPServer - Listening on port 5016
14:32:04.598 [main] INFO  com.ordint.tcpears.server.TCPServer - Listening on port 5017
14:32:04.598 [main] INFO  com.ordint.tcpears.server.TCPServer - Listening on port 5018
14:32:04.599 [main] INFO  com.ordint.tcpears.server.TCPServer - Listening on port 5019
14:32:04.599 [main] INFO  com.ordint.tcpears.server.TCPServer - Listening on port 5020
14:32:04.599 [main] INFO  com.ordint.tcpears.server.TCPServer - Admin rest server listening on 6013
14:32:11.906 [nioEventLoopGroup-3-1] ERROR c.o.t.s.i.AdministrationServiceImpl - Error starting race with id 132
org.springframework.jdbc.BadSqlGrammarException: StatementCallback; bad SQL grammar [SELECT clients.client_ident as clientId, friendly_name as fixedName, groups.group_id as groupId, groups.name as groupName, runners.name as tempNameFROM clients INNER JOIN runners ON clients.client_id = runners.client_id INNER JOIN races ON races.race_id = runners.race_id INNER JOIN groups ON races.group_id = groups.group_id WHERE races.race_id = ?]; nested exception is com.mysql.jdbc.exceptions.jdbc4.MySQLSyntaxErrorException: You have an error in your SQL syntax; check the manual that corresponds to your MySQL server version for the right syntax to use near 'clients INNER JOIN runners ON clients.client_id = runners.client_id INNER JOIN r' at line 1
	at org.springframework.jdbc.support.SQLErrorCodeSQLExceptionTranslator.doTranslate(SQLErrorCodeSQLExceptionTranslator.java:231) ~[spring-jdbc-4.1.2.RELEASE.jar:4.1.2.RELEASE]
	at org.springframework.jdbc.support.AbstractFallbackSQLExceptionTranslator.translate(AbstractFallbackSQLExceptionTranslator.java:73) ~[spring-jdbc-4.1.2.RELEASE.jar:4.1.2.RELEASE]
	at org.springframework.jdbc.core.JdbcTemplate.execute(JdbcTemplate.java:416) ~[spring-jdbc-4.1.2.RELEASE.jar:4.1.2.RELEASE]
	at org.springframework.jdbc.core.JdbcTemplate.query(JdbcTemplate.java:471) ~[spring-jdbc-4.1.2.RELEASE.jar:4.1.2.RELEASE]
	at org.springframework.jdbc.core.JdbcTemplate.query(JdbcTemplate.java:481) ~[spring-jdbc-4.1.2.RELEASE.jar:4.1.2.RELEASE]
	at com.ordint.tcpears.service.impl.DefaultRaceService.updateClientDetails(DefaultRaceService.java:83) ~[classes/:na]
	at com.ordint.tcpears.service.impl.DefaultRaceService.startRace(DefaultRaceService.java:63) ~[classes/:na]
	at com.ordint.tcpears.service.impl.AdministrationServiceImpl.startRace(AdministrationServiceImpl.java:104) ~[classes/:na]
	at sun.reflect.NativeMethodAccessorImpl.invoke0(Native Method) ~[na:1.8.0_25]
	at sun.reflect.NativeMethodAccessorImpl.invoke(Unknown Source) ~[na:1.8.0_25]
	at sun.reflect.DelegatingMethodAccessorImpl.invoke(Unknown Source) ~[na:1.8.0_25]
	at java.lang.reflect.Method.invoke(Unknown Source) ~[na:1.8.0_25]
	at com.ordint.rpc.JsonRpcHandler.invoke(JsonRpcHandler.java:186) [classes/:na]
	at com.ordint.rpc.JsonRpcHandler.handleObject(JsonRpcHandler.java:160) [classes/:na]
	at com.ordint.rpc.JsonRpcHandler.handleNode(JsonRpcHandler.java:79) [classes/:na]
	at com.ordint.rpc.JsonRpcHandler.handle(JsonRpcHandler.java:72) [classes/:na]
	at com.ordint.rpc.JsonRpcChannelHandler.channelRead(JsonRpcChannelHandler.java:42) [classes/:na]
	at io.netty.channel.AbstractChannelHandlerContext.invokeChannelRead(AbstractChannelHandlerContext.java:339) [netty-all-4.0.27.Final.jar:4.0.27.Final]
	at io.netty.channel.AbstractChannelHandlerContext.fireChannelRead(AbstractChannelHandlerContext.java:324) [netty-all-4.0.27.Final.jar:4.0.27.Final]
	at io.netty.handler.codec.MessageToMessageDecoder.channelRead(MessageToMessageDecoder.java:103) [netty-all-4.0.27.Final.jar:4.0.27.Final]
	at io.netty.channel.AbstractChannelHandlerContext.invokeChannelRead(AbstractChannelHandlerContext.java:339) [netty-all-4.0.27.Final.jar:4.0.27.Final]
	at io.netty.channel.AbstractChannelHandlerContext.fireChannelRead(AbstractChannelHandlerContext.java:324) [netty-all-4.0.27.Final.jar:4.0.27.Final]
	at io.netty.handler.codec.ByteToMessageDecoder.channelRead(ByteToMessageDecoder.java:242) [netty-all-4.0.27.Final.jar:4.0.27.Final]
	at io.netty.channel.AbstractChannelHandlerContext.invokeChannelRead(AbstractChannelHandlerContext.java:339) [netty-all-4.0.27.Final.jar:4.0.27.Final]
	at io.netty.channel.AbstractChannelHandlerContext.fireChannelRead(AbstractChannelHandlerContext.java:324) [netty-all-4.0.27.Final.jar:4.0.27.Final]
	at io.netty.channel.DefaultChannelPipeline.fireChannelRead(DefaultChannelPipeline.java:847) [netty-all-4.0.27.Final.jar:4.0.27.Final]
	at io.netty.channel.nio.AbstractNioByteChannel$NioByteUnsafe.read(AbstractNioByteChannel.java:131) [netty-all-4.0.27.Final.jar:4.0.27.Final]
	at io.netty.channel.nio.NioEventLoop.processSelectedKey(NioEventLoop.java:511) [netty-all-4.0.27.Final.jar:4.0.27.Final]
	at io.netty.channel.nio.NioEventLoop.processSelectedKeysOptimized(NioEventLoop.java:468) [netty-all-4.0.27.Final.jar:4.0.27.Final]
	at io.netty.channel.nio.NioEventLoop.processSelectedKeys(NioEventLoop.java:382) [netty-all-4.0.27.Final.jar:4.0.27.Final]
	at io.netty.channel.nio.NioEventLoop.run(NioEventLoop.java:354) [netty-all-4.0.27.Final.jar:4.0.27.Final]
	at io.netty.util.concurrent.SingleThreadEventExecutor$2.run(SingleThreadEventExecutor.java:111) [netty-all-4.0.27.Final.jar:4.0.27.Final]
	at io.netty.util.concurrent.DefaultThreadFactory$DefaultRunnableDecorator.run(DefaultThreadFactory.java:137) [netty-all-4.0.27.Final.jar:4.0.27.Final]
	at java.lang.Thread.run(Unknown Source) [na:1.8.0_25]
Caused by: com.mysql.jdbc.exceptions.jdbc4.MySQLSyntaxErrorException: You have an error in your SQL syntax; check the manual that corresponds to your MySQL server version for the right syntax to use near 'clients INNER JOIN runners ON clients.client_id = runners.client_id INNER JOIN r' at line 1
	at sun.reflect.NativeConstructorAccessorImpl.newInstance0(Native Method) ~[na:1.8.0_25]
	at sun.reflect.NativeConstructorAccessorImpl.newInstance(Unknown Source) ~[na:1.8.0_25]
	at sun.reflect.DelegatingConstructorAccessorImpl.newInstance(Unknown Source) ~[na:1.8.0_25]
	at java.lang.reflect.Constructor.newInstance(Unknown Source) ~[na:1.8.0_25]
	at com.mysql.jdbc.Util.handleNewInstance(Util.java:411) ~[mysql-connector-java-5.1.26.jar:na]
	at com.mysql.jdbc.Util.getInstance(Util.java:386) ~[mysql-connector-java-5.1.26.jar:na]
	at com.mysql.jdbc.SQLError.createSQLException(SQLError.java:1054) ~[mysql-connector-java-5.1.26.jar:na]
	at com.mysql.jdbc.MysqlIO.checkErrorPacket(MysqlIO.java:4190) ~[mysql-connector-java-5.1.26.jar:na]
	at com.mysql.jdbc.MysqlIO.checkErrorPacket(MysqlIO.java:4122) ~[mysql-connector-java-5.1.26.jar:na]
	at com.mysql.jdbc.MysqlIO.sendCommand(MysqlIO.java:2570) ~[mysql-connector-java-5.1.26.jar:na]
	at com.mysql.jdbc.MysqlIO.sqlQueryDirect(MysqlIO.java:2731) ~[mysql-connector-java-5.1.26.jar:na]
	at com.mysql.jdbc.ConnectionImpl.execSQL(ConnectionImpl.java:2812) ~[mysql-connector-java-5.1.26.jar:na]
	at com.mysql.jdbc.ConnectionImpl.execSQL(ConnectionImpl.java:2761) ~[mysql-connector-java-5.1.26.jar:na]
	at com.mysql.jdbc.StatementImpl.executeQuery(StatementImpl.java:1612) ~[mysql-connector-java-5.1.26.jar:na]
	at com.mchange.v2.c3p0.impl.NewProxyStatement.executeQuery(NewProxyStatement.java:327) ~[c3p0-0.9.5.1.jar:0.9.5.1]
	at org.springframework.jdbc.core.JdbcTemplate$1QueryStatementCallback.doInStatement(JdbcTemplate.java:455) ~[spring-jdbc-4.1.2.RELEASE.jar:4.1.2.RELEASE]
	at org.springframework.jdbc.core.JdbcTemplate.execute(JdbcTemplate.java:405) ~[spring-jdbc-4.1.2.RELEASE.jar:4.1.2.RELEASE]
	... 31 common frames omitted
14:32:13.000 [nioEventLoopGroup-3-1] INFO  c.o.t.s.impl.MySqlReplayService - Replay id: 2088070417
14:32:13.001 [nioEventLoopGroup-3-1] INFO  c.o.t.s.i.AdministrationServiceImpl - returning replay id 2088070417
14:33:30.298 [main] INFO  com.ordint.tcpears.server.TCPServer - Starting server....
14:33:30.303 [main] INFO  com.ordint.tcpears.server.TCPServer - Binding tcp ports
14:33:30.303 [main] INFO  com.ordint.tcpears.server.TCPServer - Listening on port 5011
14:33:30.422 [main] INFO  com.ordint.tcpears.server.TCPServer - Listening on port 5012
14:33:30.424 [main] INFO  com.ordint.tcpears.server.TCPServer - Listening on port 5013
14:33:30.424 [main] INFO  com.ordint.tcpears.server.TCPServer - Listening on port 5014
14:33:30.425 [main] INFO  com.ordint.tcpears.server.TCPServer - Listening on port 5015
14:33:30.425 [main] INFO  com.ordint.tcpears.server.TCPServer - Listening on port 5016
14:33:30.425 [main] INFO  com.ordint.tcpears.server.TCPServer - Listening on port 5017
14:33:30.426 [main] INFO  com.ordint.tcpears.server.TCPServer - Listening on port 5018
14:33:30.426 [main] INFO  com.ordint.tcpears.server.TCPServer - Listening on port 5019
14:33:30.426 [main] INFO  com.ordint.tcpears.server.TCPServer - Listening on port 5020
14:33:30.426 [main] INFO  com.ordint.tcpears.server.TCPServer - Binding udp ports
14:33:30.426 [main] INFO  com.ordint.tcpears.server.TCPServer - Listening on port 5011
14:33:30.438 [main] INFO  com.ordint.tcpears.server.TCPServer - Listening on port 5012
14:33:30.439 [main] INFO  com.ordint.tcpears.server.TCPServer - Listening on port 5013
14:33:30.439 [main] INFO  com.ordint.tcpears.server.TCPServer - Listening on port 5014
14:33:30.439 [main] INFO  com.ordint.tcpears.server.TCPServer - Listening on port 5015
14:33:30.440 [main] INFO  com.ordint.tcpears.server.TCPServer - Listening on port 5016
14:33:30.440 [main] INFO  com.ordint.tcpears.server.TCPServer - Listening on port 5017
14:33:30.440 [main] INFO  com.ordint.tcpears.server.TCPServer - Listening on port 5018
14:33:30.440 [main] INFO  com.ordint.tcpears.server.TCPServer - Listening on port 5019
14:33:30.441 [main] INFO  com.ordint.tcpears.server.TCPServer - Listening on port 5020
14:33:30.441 [main] INFO  com.ordint.tcpears.server.TCPServer - Admin rest server listening on 6013
14:34:11.513 [main] INFO  com.ordint.tcpears.server.TCPServer - Starting server....
14:34:11.517 [main] INFO  com.ordint.tcpears.server.TCPServer - Binding tcp ports
14:34:11.517 [main] INFO  com.ordint.tcpears.server.TCPServer - Listening on port 5011
14:34:11.632 [main] INFO  com.ordint.tcpears.server.TCPServer - Listening on port 5012
14:34:11.632 [main] INFO  com.ordint.tcpears.server.TCPServer - Listening on port 5013
14:34:11.632 [main] INFO  com.ordint.tcpears.server.TCPServer - Listening on port 5014
14:34:11.633 [main] INFO  com.ordint.tcpears.server.TCPServer - Listening on port 5015
14:34:11.634 [main] INFO  com.ordint.tcpears.server.TCPServer - Listening on port 5016
14:34:11.634 [main] INFO  com.ordint.tcpears.server.TCPServer - Listening on port 5017
14:34:11.634 [main] INFO  com.ordint.tcpears.server.TCPServer - Listening on port 5018
14:34:11.634 [main] INFO  com.ordint.tcpears.server.TCPServer - Listening on port 5019
14:34:11.634 [main] INFO  com.ordint.tcpears.server.TCPServer - Listening on port 5020
14:34:11.635 [main] INFO  com.ordint.tcpears.server.TCPServer - Binding udp ports
14:34:11.635 [main] INFO  com.ordint.tcpears.server.TCPServer - Listening on port 5011
14:34:11.645 [main] INFO  com.ordint.tcpears.server.TCPServer - Listening on port 5012
14:34:11.646 [main] INFO  com.ordint.tcpears.server.TCPServer - Listening on port 5013
14:34:11.646 [main] INFO  com.ordint.tcpears.server.TCPServer - Listening on port 5014
14:34:11.647 [main] INFO  com.ordint.tcpears.server.TCPServer - Listening on port 5015
14:34:11.647 [main] INFO  com.ordint.tcpears.server.TCPServer - Listening on port 5016
14:34:11.647 [main] INFO  com.ordint.tcpears.server.TCPServer - Listening on port 5017
14:34:11.647 [main] INFO  com.ordint.tcpears.server.TCPServer - Listening on port 5018
14:34:11.648 [main] INFO  com.ordint.tcpears.server.TCPServer - Listening on port 5019
14:34:11.648 [main] INFO  com.ordint.tcpears.server.TCPServer - Listening on port 5020
14:34:11.648 [main] INFO  com.ordint.tcpears.server.TCPServer - Admin rest server listening on 6013
14:34:39.912 [main] INFO  com.ordint.tcpears.server.TCPServer - Starting server....
14:34:39.916 [main] INFO  com.ordint.tcpears.server.TCPServer - Binding tcp ports
14:34:39.917 [main] INFO  com.ordint.tcpears.server.TCPServer - Listening on port 5011
14:34:40.045 [main] INFO  com.ordint.tcpears.server.TCPServer - Listening on port 5012
14:34:40.045 [main] INFO  com.ordint.tcpears.server.TCPServer - Listening on port 5013
14:34:40.046 [main] INFO  com.ordint.tcpears.server.TCPServer - Listening on port 5014
14:34:40.046 [main] INFO  com.ordint.tcpears.server.TCPServer - Listening on port 5015
14:34:40.047 [main] INFO  com.ordint.tcpears.server.TCPServer - Listening on port 5016
14:34:40.047 [main] INFO  com.ordint.tcpears.server.TCPServer - Listening on port 5017
14:34:40.047 [main] INFO  com.ordint.tcpears.server.TCPServer - Listening on port 5018
14:34:40.047 [main] INFO  com.ordint.tcpears.server.TCPServer - Listening on port 5019
14:34:40.048 [main] INFO  com.ordint.tcpears.server.TCPServer - Listening on port 5020
14:34:40.048 [main] INFO  com.ordint.tcpears.server.TCPServer - Binding udp ports
14:34:40.048 [main] INFO  com.ordint.tcpears.server.TCPServer - Listening on port 5011
14:34:40.061 [main] INFO  com.ordint.tcpears.server.TCPServer - Listening on port 5012
14:34:40.063 [main] INFO  com.ordint.tcpears.server.TCPServer - Listening on port 5013
14:34:40.064 [main] INFO  com.ordint.tcpears.server.TCPServer - Listening on port 5014
14:34:40.066 [main] INFO  com.ordint.tcpears.server.TCPServer - Listening on port 5015
14:34:40.068 [main] INFO  com.ordint.tcpears.server.TCPServer - Listening on port 5016
14:34:40.071 [main] INFO  com.ordint.tcpears.server.TCPServer - Listening on port 5017
14:34:40.072 [main] INFO  com.ordint.tcpears.server.TCPServer - Listening on port 5018
14:34:40.073 [main] INFO  com.ordint.tcpears.server.TCPServer - Listening on port 5019
14:34:40.073 [main] INFO  com.ordint.tcpears.server.TCPServer - Listening on port 5020
14:34:40.073 [main] INFO  com.ordint.tcpears.server.TCPServer - Admin rest server listening on 6013
14:37:56.080 [main] INFO  com.ordint.tcpears.server.TCPServer - Starting server....
14:37:56.083 [main] INFO  com.ordint.tcpears.server.TCPServer - Binding tcp ports
14:37:56.084 [main] INFO  com.ordint.tcpears.server.TCPServer - Listening on port 5011
14:37:56.197 [main] INFO  com.ordint.tcpears.server.TCPServer - Listening on port 5012
14:37:56.198 [main] INFO  com.ordint.tcpears.server.TCPServer - Listening on port 5013
14:37:56.199 [main] INFO  com.ordint.tcpears.server.TCPServer - Listening on port 5014
14:37:56.199 [main] INFO  com.ordint.tcpears.server.TCPServer - Listening on port 5015
14:37:56.199 [main] INFO  com.ordint.tcpears.server.TCPServer - Listening on port 5016
14:37:56.200 [main] INFO  com.ordint.tcpears.server.TCPServer - Listening on port 5017
14:37:56.200 [main] INFO  com.ordint.tcpears.server.TCPServer - Listening on port 5018
14:37:56.200 [main] INFO  com.ordint.tcpears.server.TCPServer - Listening on port 5019
14:37:56.200 [main] INFO  com.ordint.tcpears.server.TCPServer - Listening on port 5020
14:37:56.200 [main] INFO  com.ordint.tcpears.server.TCPServer - Binding udp ports
14:37:56.200 [main] INFO  com.ordint.tcpears.server.TCPServer - Listening on port 5011
14:37:56.209 [main] INFO  com.ordint.tcpears.server.TCPServer - Listening on port 5012
14:37:56.210 [main] INFO  com.ordint.tcpears.server.TCPServer - Listening on port 5013
14:37:56.210 [main] INFO  com.ordint.tcpears.server.TCPServer - Listening on port 5014
14:37:56.210 [main] INFO  com.ordint.tcpears.server.TCPServer - Listening on port 5015
14:37:56.210 [main] INFO  com.ordint.tcpears.server.TCPServer - Listening on port 5016
14:37:56.211 [main] INFO  com.ordint.tcpears.server.TCPServer - Listening on port 5017
14:37:56.211 [main] INFO  com.ordint.tcpears.server.TCPServer - Listening on port 5018
14:37:56.211 [main] INFO  com.ordint.tcpears.server.TCPServer - Listening on port 5019
14:37:56.211 [main] INFO  com.ordint.tcpears.server.TCPServer - Listening on port 5020
14:37:56.211 [main] INFO  com.ordint.tcpears.server.TCPServer - Admin rest server listening on 6013
14:38:03.508 [main] INFO  com.ordint.tcpears.server.TCPServer - Starting server....
14:38:03.512 [main] INFO  com.ordint.tcpears.server.TCPServer - Binding tcp ports
14:38:03.512 [main] INFO  com.ordint.tcpears.server.TCPServer - Listening on port 5011
14:38:03.637 [main] INFO  com.ordint.tcpears.server.TCPServer - Listening on port 5012
14:38:03.638 [main] INFO  com.ordint.tcpears.server.TCPServer - Listening on port 5013
14:38:03.639 [main] INFO  com.ordint.tcpears.server.TCPServer - Listening on port 5014
14:38:03.639 [main] INFO  com.ordint.tcpears.server.TCPServer - Listening on port 5015
14:38:03.640 [main] INFO  com.ordint.tcpears.server.TCPServer - Listening on port 5016
14:38:03.641 [main] INFO  com.ordint.tcpears.server.TCPServer - Listening on port 5017
14:38:03.641 [main] INFO  com.ordint.tcpears.server.TCPServer - Listening on port 5018
14:38:03.641 [main] INFO  com.ordint.tcpears.server.TCPServer - Listening on port 5019
14:38:03.642 [main] INFO  com.ordint.tcpears.server.TCPServer - Listening on port 5020
14:38:03.642 [main] INFO  com.ordint.tcpears.server.TCPServer - Binding udp ports
14:38:03.643 [main] INFO  com.ordint.tcpears.server.TCPServer - Listening on port 5011
14:38:03.655 [main] INFO  com.ordint.tcpears.server.TCPServer - Listening on port 5012
14:38:03.656 [main] INFO  com.ordint.tcpears.server.TCPServer - Listening on port 5013
14:38:03.656 [main] INFO  com.ordint.tcpears.server.TCPServer - Listening on port 5014
14:38:03.656 [main] INFO  com.ordint.tcpears.server.TCPServer - Listening on port 5015
14:38:03.657 [main] INFO  com.ordint.tcpears.server.TCPServer - Listening on port 5016
14:38:03.659 [main] INFO  com.ordint.tcpears.server.TCPServer - Listening on port 5017
14:38:03.660 [main] INFO  com.ordint.tcpears.server.TCPServer - Listening on port 5018
14:38:03.661 [main] INFO  com.ordint.tcpears.server.TCPServer - Listening on port 5019
14:38:03.661 [main] INFO  com.ordint.tcpears.server.TCPServer - Listening on port 5020
14:38:03.661 [main] INFO  com.ordint.tcpears.server.TCPServer - Admin rest server listening on 6013
14:39:58.629 [main] INFO  com.ordint.tcpears.server.TCPServer - Starting server....
14:39:58.632 [main] INFO  com.ordint.tcpears.server.TCPServer - Binding tcp ports
14:39:58.632 [main] INFO  com.ordint.tcpears.server.TCPServer - Listening on port 5011
14:39:58.753 [main] INFO  com.ordint.tcpears.server.TCPServer - Listening on port 5012
14:39:58.753 [main] INFO  com.ordint.tcpears.server.TCPServer - Listening on port 5013
14:39:58.753 [main] INFO  com.ordint.tcpears.server.TCPServer - Listening on port 5014
14:39:58.753 [main] INFO  com.ordint.tcpears.server.TCPServer - Listening on port 5015
14:39:58.754 [main] INFO  com.ordint.tcpears.server.TCPServer - Listening on port 5016
14:39:58.754 [main] INFO  com.ordint.tcpears.server.TCPServer - Listening on port 5017
14:39:58.755 [main] INFO  com.ordint.tcpears.server.TCPServer - Listening on port 5018
14:39:58.755 [main] INFO  com.ordint.tcpears.server.TCPServer - Listening on port 5019
14:39:58.755 [main] INFO  com.ordint.tcpears.server.TCPServer - Listening on port 5020
14:39:58.756 [main] INFO  com.ordint.tcpears.server.TCPServer - Binding udp ports
14:39:58.756 [main] INFO  com.ordint.tcpears.server.TCPServer - Listening on port 5011
14:39:58.765 [main] INFO  com.ordint.tcpears.server.TCPServer - Listening on port 5012
14:39:58.766 [main] INFO  com.ordint.tcpears.server.TCPServer - Listening on port 5013
14:39:58.767 [main] INFO  com.ordint.tcpears.server.TCPServer - Listening on port 5014
14:39:58.767 [main] INFO  com.ordint.tcpears.server.TCPServer - Listening on port 5015
14:39:58.767 [main] INFO  com.ordint.tcpears.server.TCPServer - Listening on port 5016
14:39:58.767 [main] INFO  com.ordint.tcpears.server.TCPServer - Listening on port 5017
14:39:58.767 [main] INFO  com.ordint.tcpears.server.TCPServer - Listening on port 5018
14:39:58.767 [main] INFO  com.ordint.tcpears.server.TCPServer - Listening on port 5019
14:39:58.768 [main] INFO  com.ordint.tcpears.server.TCPServer - Listening on port 5020
14:39:58.768 [main] INFO  com.ordint.tcpears.server.TCPServer - Admin rest server listening on 6013
14:40:04.806 [nioEventLoopGroup-3-1] ERROR c.o.t.s.i.AdministrationServiceImpl - Error starting race with id 132
org.springframework.jdbc.BadSqlGrammarException: StatementCallback; bad SQL grammar [SELECT clients.client_ident as clientId, friendly_name as fixedName, groups.group_id as groupId, groups.name as groupName, runners.name as tempName FROM clients INNER JOIN runners ON clients.client_id = runners.client_id INNER JOIN races ON races.race_id = runners.race_id INNER JOIN groups ON races.group_id = groups.group_id WHERE races.race_id = ?]; nested exception is com.mysql.jdbc.exceptions.jdbc4.MySQLSyntaxErrorException: You have an error in your SQL syntax; check the manual that corresponds to your MySQL server version for the right syntax to use near '?' at line 1
	at org.springframework.jdbc.support.SQLErrorCodeSQLExceptionTranslator.doTranslate(SQLErrorCodeSQLExceptionTranslator.java:231) ~[spring-jdbc-4.1.2.RELEASE.jar:4.1.2.RELEASE]
	at org.springframework.jdbc.support.AbstractFallbackSQLExceptionTranslator.translate(AbstractFallbackSQLExceptionTranslator.java:73) ~[spring-jdbc-4.1.2.RELEASE.jar:4.1.2.RELEASE]
	at org.springframework.jdbc.core.JdbcTemplate.execute(JdbcTemplate.java:416) ~[spring-jdbc-4.1.2.RELEASE.jar:4.1.2.RELEASE]
	at org.springframework.jdbc.core.JdbcTemplate.query(JdbcTemplate.java:471) ~[spring-jdbc-4.1.2.RELEASE.jar:4.1.2.RELEASE]
	at org.springframework.jdbc.core.JdbcTemplate.query(JdbcTemplate.java:481) ~[spring-jdbc-4.1.2.RELEASE.jar:4.1.2.RELEASE]
	at com.ordint.tcpears.service.impl.DefaultRaceService.updateClientDetails(DefaultRaceService.java:83) ~[classes/:na]
	at com.ordint.tcpears.service.impl.DefaultRaceService.startRace(DefaultRaceService.java:63) ~[classes/:na]
	at com.ordint.tcpears.service.impl.AdministrationServiceImpl.startRace(AdministrationServiceImpl.java:104) ~[classes/:na]
	at sun.reflect.NativeMethodAccessorImpl.invoke0(Native Method) ~[na:1.8.0_25]
	at sun.reflect.NativeMethodAccessorImpl.invoke(Unknown Source) ~[na:1.8.0_25]
	at sun.reflect.DelegatingMethodAccessorImpl.invoke(Unknown Source) ~[na:1.8.0_25]
	at java.lang.reflect.Method.invoke(Unknown Source) ~[na:1.8.0_25]
	at com.ordint.rpc.JsonRpcHandler.invoke(JsonRpcHandler.java:186) [classes/:na]
	at com.ordint.rpc.JsonRpcHandler.handleObject(JsonRpcHandler.java:160) [classes/:na]
	at com.ordint.rpc.JsonRpcHandler.handleNode(JsonRpcHandler.java:79) [classes/:na]
	at com.ordint.rpc.JsonRpcHandler.handle(JsonRpcHandler.java:72) [classes/:na]
	at com.ordint.rpc.JsonRpcChannelHandler.channelRead(JsonRpcChannelHandler.java:42) [classes/:na]
	at io.netty.channel.AbstractChannelHandlerContext.invokeChannelRead(AbstractChannelHandlerContext.java:339) [netty-all-4.0.27.Final.jar:4.0.27.Final]
	at io.netty.channel.AbstractChannelHandlerContext.fireChannelRead(AbstractChannelHandlerContext.java:324) [netty-all-4.0.27.Final.jar:4.0.27.Final]
	at io.netty.handler.codec.MessageToMessageDecoder.channelRead(MessageToMessageDecoder.java:103) [netty-all-4.0.27.Final.jar:4.0.27.Final]
	at io.netty.channel.AbstractChannelHandlerContext.invokeChannelRead(AbstractChannelHandlerContext.java:339) [netty-all-4.0.27.Final.jar:4.0.27.Final]
	at io.netty.channel.AbstractChannelHandlerContext.fireChannelRead(AbstractChannelHandlerContext.java:324) [netty-all-4.0.27.Final.jar:4.0.27.Final]
	at io.netty.handler.codec.ByteToMessageDecoder.channelRead(ByteToMessageDecoder.java:242) [netty-all-4.0.27.Final.jar:4.0.27.Final]
	at io.netty.channel.AbstractChannelHandlerContext.invokeChannelRead(AbstractChannelHandlerContext.java:339) [netty-all-4.0.27.Final.jar:4.0.27.Final]
	at io.netty.channel.AbstractChannelHandlerContext.fireChannelRead(AbstractChannelHandlerContext.java:324) [netty-all-4.0.27.Final.jar:4.0.27.Final]
	at io.netty.channel.DefaultChannelPipeline.fireChannelRead(DefaultChannelPipeline.java:847) [netty-all-4.0.27.Final.jar:4.0.27.Final]
	at io.netty.channel.nio.AbstractNioByteChannel$NioByteUnsafe.read(AbstractNioByteChannel.java:131) [netty-all-4.0.27.Final.jar:4.0.27.Final]
	at io.netty.channel.nio.NioEventLoop.processSelectedKey(NioEventLoop.java:511) [netty-all-4.0.27.Final.jar:4.0.27.Final]
	at io.netty.channel.nio.NioEventLoop.processSelectedKeysOptimized(NioEventLoop.java:468) [netty-all-4.0.27.Final.jar:4.0.27.Final]
	at io.netty.channel.nio.NioEventLoop.processSelectedKeys(NioEventLoop.java:382) [netty-all-4.0.27.Final.jar:4.0.27.Final]
	at io.netty.channel.nio.NioEventLoop.run(NioEventLoop.java:354) [netty-all-4.0.27.Final.jar:4.0.27.Final]
	at io.netty.util.concurrent.SingleThreadEventExecutor$2.run(SingleThreadEventExecutor.java:111) [netty-all-4.0.27.Final.jar:4.0.27.Final]
	at io.netty.util.concurrent.DefaultThreadFactory$DefaultRunnableDecorator.run(DefaultThreadFactory.java:137) [netty-all-4.0.27.Final.jar:4.0.27.Final]
	at java.lang.Thread.run(Unknown Source) [na:1.8.0_25]
Caused by: com.mysql.jdbc.exceptions.jdbc4.MySQLSyntaxErrorException: You have an error in your SQL syntax; check the manual that corresponds to your MySQL server version for the right syntax to use near '?' at line 1
	at sun.reflect.NativeConstructorAccessorImpl.newInstance0(Native Method) ~[na:1.8.0_25]
	at sun.reflect.NativeConstructorAccessorImpl.newInstance(Unknown Source) ~[na:1.8.0_25]
	at sun.reflect.DelegatingConstructorAccessorImpl.newInstance(Unknown Source) ~[na:1.8.0_25]
	at java.lang.reflect.Constructor.newInstance(Unknown Source) ~[na:1.8.0_25]
	at com.mysql.jdbc.Util.handleNewInstance(Util.java:411) ~[mysql-connector-java-5.1.26.jar:na]
	at com.mysql.jdbc.Util.getInstance(Util.java:386) ~[mysql-connector-java-5.1.26.jar:na]
	at com.mysql.jdbc.SQLError.createSQLException(SQLError.java:1054) ~[mysql-connector-java-5.1.26.jar:na]
	at com.mysql.jdbc.MysqlIO.checkErrorPacket(MysqlIO.java:4190) ~[mysql-connector-java-5.1.26.jar:na]
	at com.mysql.jdbc.MysqlIO.checkErrorPacket(MysqlIO.java:4122) ~[mysql-connector-java-5.1.26.jar:na]
	at com.mysql.jdbc.MysqlIO.sendCommand(MysqlIO.java:2570) ~[mysql-connector-java-5.1.26.jar:na]
	at com.mysql.jdbc.MysqlIO.sqlQueryDirect(MysqlIO.java:2731) ~[mysql-connector-java-5.1.26.jar:na]
	at com.mysql.jdbc.ConnectionImpl.execSQL(ConnectionImpl.java:2812) ~[mysql-connector-java-5.1.26.jar:na]
	at com.mysql.jdbc.ConnectionImpl.execSQL(ConnectionImpl.java:2761) ~[mysql-connector-java-5.1.26.jar:na]
	at com.mysql.jdbc.StatementImpl.executeQuery(StatementImpl.java:1612) ~[mysql-connector-java-5.1.26.jar:na]
	at com.mchange.v2.c3p0.impl.NewProxyStatement.executeQuery(NewProxyStatement.java:327) ~[c3p0-0.9.5.1.jar:0.9.5.1]
	at org.springframework.jdbc.core.JdbcTemplate$1QueryStatementCallback.doInStatement(JdbcTemplate.java:455) ~[spring-jdbc-4.1.2.RELEASE.jar:4.1.2.RELEASE]
	at org.springframework.jdbc.core.JdbcTemplate.execute(JdbcTemplate.java:405) ~[spring-jdbc-4.1.2.RELEASE.jar:4.1.2.RELEASE]
	... 31 common frames omitted
14:40:05.976 [nioEventLoopGroup-3-1] INFO  c.o.t.s.impl.MySqlReplayService - Replay id: 1405712405
14:40:05.977 [nioEventLoopGroup-3-1] INFO  c.o.t.s.i.AdministrationServiceImpl - returning replay id 1405712405
14:42:04.895 [main] INFO  com.ordint.tcpears.server.TCPServer - Starting server....
14:42:04.897 [main] INFO  com.ordint.tcpears.server.TCPServer - Binding tcp ports
14:42:04.898 [main] INFO  com.ordint.tcpears.server.TCPServer - Listening on port 5011
14:42:05.008 [main] INFO  com.ordint.tcpears.server.TCPServer - Listening on port 5012
14:42:05.009 [main] INFO  com.ordint.tcpears.server.TCPServer - Listening on port 5013
14:42:05.010 [main] INFO  com.ordint.tcpears.server.TCPServer - Listening on port 5014
14:42:05.010 [main] INFO  com.ordint.tcpears.server.TCPServer - Listening on port 5015
14:42:05.011 [main] INFO  com.ordint.tcpears.server.TCPServer - Listening on port 5016
14:42:05.011 [main] INFO  com.ordint.tcpears.server.TCPServer - Listening on port 5017
14:42:05.012 [main] INFO  com.ordint.tcpears.server.TCPServer - Listening on port 5018
14:42:05.012 [main] INFO  com.ordint.tcpears.server.TCPServer - Listening on port 5019
14:42:05.012 [main] INFO  com.ordint.tcpears.server.TCPServer - Listening on port 5020
14:42:05.013 [main] INFO  com.ordint.tcpears.server.TCPServer - Binding udp ports
14:42:05.013 [main] INFO  com.ordint.tcpears.server.TCPServer - Listening on port 5011
14:42:05.025 [main] INFO  com.ordint.tcpears.server.TCPServer - Listening on port 5012
14:42:05.026 [main] INFO  com.ordint.tcpears.server.TCPServer - Listening on port 5013
14:42:05.026 [main] INFO  com.ordint.tcpears.server.TCPServer - Listening on port 5014
14:42:05.026 [main] INFO  com.ordint.tcpears.server.TCPServer - Listening on port 5015
14:42:05.026 [main] INFO  com.ordint.tcpears.server.TCPServer - Listening on port 5016
14:42:05.027 [main] INFO  com.ordint.tcpears.server.TCPServer - Listening on port 5017
14:42:05.027 [main] INFO  com.ordint.tcpears.server.TCPServer - Listening on port 5018
14:42:05.027 [main] INFO  com.ordint.tcpears.server.TCPServer - Listening on port 5019
14:42:05.028 [main] INFO  com.ordint.tcpears.server.TCPServer - Listening on port 5020
14:42:05.028 [main] INFO  com.ordint.tcpears.server.TCPServer - Admin rest server listening on 6013
14:42:11.267 [nioEventLoopGroup-3-1] INFO  c.o.t.s.impl.MySqlReplayService - Replay id: 51073026
14:42:11.268 [nioEventLoopGroup-3-1] INFO  c.o.t.s.i.AdministrationServiceImpl - returning replay id 51073026
14:47:43.959 [pool-3-thread-1] INFO  c.o.t.s.impl.MySqlReplayService - Finished replay!
15:18:48.262 [main] DEBUG c.o.t.service.impl.ClientManagerImpl - Tracking group groupId
15:18:48.331 [main] DEBUG c.o.t.service.impl.ClientManagerImpl - Tracking group groupId
15:18:48.347 [main] DEBUG c.o.t.service.impl.ClientManagerImpl - Tracking group groupId
15:18:48.351 [main] DEBUG c.o.t.service.impl.ClientManagerImpl - Stop Tracking group groupId
15:23:12.321 [main] DEBUG c.o.t.service.impl.ClientManagerImpl - Tracking group groupId
15:23:12.433 [main] DEBUG c.o.t.service.impl.ClientManagerImpl - Tracking group groupId
15:23:12.440 [main] DEBUG c.o.t.service.impl.ClientManagerImpl - Tracking group groupId
15:23:12.444 [main] DEBUG c.o.t.service.impl.ClientManagerImpl - Stop Tracking group groupId
16:09:03.360 [main] DEBUG c.o.t.service.impl.ClientManagerImpl - Tracking group groupId
16:09:03.421 [main] DEBUG c.o.t.service.impl.ClientManagerImpl - Tracking group groupId
16:09:03.434 [main] DEBUG c.o.t.service.impl.ClientManagerImpl - Tracking group groupId
16:09:03.435 [main] DEBUG c.o.t.service.impl.ClientManagerImpl - Stop Tracking group groupId
17:12:53.469 [main] DEBUG c.o.t.service.impl.ClientManagerImpl - Tracking group groupId
17:12:53.535 [main] DEBUG c.o.t.service.impl.ClientManagerImpl - Tracking group groupId
17:12:53.545 [main] DEBUG c.o.t.service.impl.ClientManagerImpl - Tracking group groupId
17:12:53.547 [main] DEBUG c.o.t.service.impl.ClientManagerImpl - Stop Tracking group groupId
17:14:10.673 [main] DEBUG c.o.t.service.impl.ClientManagerImpl - Tracking group groupId
17:14:10.734 [main] DEBUG c.o.t.service.impl.ClientManagerImpl - Tracking group groupId
17:14:10.742 [main] DEBUG c.o.t.service.impl.ClientManagerImpl - Tracking group groupId
17:14:10.743 [main] DEBUG c.o.t.service.impl.ClientManagerImpl - Stop Tracking group groupId
17:20:39.146 [main] DEBUG c.o.t.service.impl.ClientManagerImpl - Tracking group groupId
17:20:39.199 [main] DEBUG c.o.t.service.impl.ClientManagerImpl - Tracking group groupId
17:20:39.210 [main] DEBUG c.o.t.service.impl.ClientManagerImpl - Tracking group groupId
17:20:39.211 [main] DEBUG c.o.t.service.impl.ClientManagerImpl - Stop Tracking group groupId
17:30:10.155 [main] INFO  com.ordint.tcpears.server.TCPServer - Starting server....
17:30:10.158 [main] INFO  com.ordint.tcpears.server.TCPServer - Binding tcp ports
17:30:10.158 [main] INFO  com.ordint.tcpears.server.TCPServer - Listening on port 5011
17:30:10.302 [main] INFO  com.ordint.tcpears.server.TCPServer - Listening on port 5012
17:30:10.303 [main] INFO  com.ordint.tcpears.server.TCPServer - Listening on port 5013
17:30:10.305 [main] INFO  com.ordint.tcpears.server.TCPServer - Listening on port 5014
17:30:10.305 [main] INFO  com.ordint.tcpears.server.TCPServer - Listening on port 5015
17:30:10.306 [main] INFO  com.ordint.tcpears.server.TCPServer - Listening on port 5016
17:30:10.306 [main] INFO  com.ordint.tcpears.server.TCPServer - Listening on port 5017
17:30:10.306 [main] INFO  com.ordint.tcpears.server.TCPServer - Listening on port 5018
17:30:10.306 [main] INFO  com.ordint.tcpears.server.TCPServer - Listening on port 5019
17:30:10.306 [main] INFO  com.ordint.tcpears.server.TCPServer - Listening on port 5020
17:30:10.307 [main] INFO  com.ordint.tcpears.server.TCPServer - Binding udp ports
17:30:10.307 [main] INFO  com.ordint.tcpears.server.TCPServer - Listening on port 5011
17:30:10.325 [main] INFO  com.ordint.tcpears.server.TCPServer - Listening on port 5012
17:30:10.326 [main] INFO  com.ordint.tcpears.server.TCPServer - Listening on port 5013
17:30:10.327 [main] INFO  com.ordint.tcpears.server.TCPServer - Listening on port 5014
17:30:10.327 [main] INFO  com.ordint.tcpears.server.TCPServer - Listening on port 5015
17:30:10.327 [main] INFO  com.ordint.tcpears.server.TCPServer - Listening on port 5016
17:30:10.327 [main] INFO  com.ordint.tcpears.server.TCPServer - Listening on port 5017
17:30:10.328 [main] INFO  com.ordint.tcpears.server.TCPServer - Listening on port 5018
17:30:10.329 [main] INFO  com.ordint.tcpears.server.TCPServer - Listening on port 5019
17:30:10.329 [main] INFO  com.ordint.tcpears.server.TCPServer - Listening on port 5020
17:30:10.329 [main] INFO  com.ordint.tcpears.server.TCPServer - Admin rest server listening on 6013
17:31:43.436 [nioEventLoopGroup-3-1] INFO  c.o.t.s.impl.MySqlReplayService - Replay id: 1590114986
17:31:43.437 [nioEventLoopGroup-3-1] INFO  c.o.t.s.i.AdministrationServiceImpl - returning replay id 1590114986
22:18:30.163 [main] INFO  com.ordint.tcpears.server.TCPServer - Starting server....
22:18:30.192 [main] INFO  com.ordint.tcpears.server.TCPServer - Binding tcp ports
22:18:30.192 [main] INFO  com.ordint.tcpears.server.TCPServer - Listening on port 5011
22:18:30.302 [main] INFO  com.ordint.tcpears.server.TCPServer - Listening on port 5012
22:18:30.302 [main] INFO  com.ordint.tcpears.server.TCPServer - Listening on port 5013
22:18:30.302 [main] INFO  com.ordint.tcpears.server.TCPServer - Listening on port 5014
22:18:30.302 [main] INFO  com.ordint.tcpears.server.TCPServer - Listening on port 5015
22:18:30.302 [main] INFO  com.ordint.tcpears.server.TCPServer - Listening on port 5016
22:18:30.302 [main] INFO  com.ordint.tcpears.server.TCPServer - Listening on port 5017
22:18:30.302 [main] INFO  com.ordint.tcpears.server.TCPServer - Listening on port 5018
22:18:30.302 [main] INFO  com.ordint.tcpears.server.TCPServer - Listening on port 5019
22:18:30.302 [main] INFO  com.ordint.tcpears.server.TCPServer - Listening on port 5020
22:18:30.302 [main] INFO  com.ordint.tcpears.server.TCPServer - Binding udp ports
22:18:30.302 [main] INFO  com.ordint.tcpears.server.TCPServer - Listening on port 5011
22:18:30.317 [main] INFO  com.ordint.tcpears.server.TCPServer - Listening on port 5012
22:18:30.317 [main] INFO  com.ordint.tcpears.server.TCPServer - Listening on port 5013
22:18:30.317 [main] INFO  com.ordint.tcpears.server.TCPServer - Listening on port 5014
22:18:30.317 [main] INFO  com.ordint.tcpears.server.TCPServer - Listening on port 5015
22:18:30.317 [main] INFO  com.ordint.tcpears.server.TCPServer - Listening on port 5016
22:18:30.317 [main] INFO  com.ordint.tcpears.server.TCPServer - Listening on port 5017
22:18:30.317 [main] INFO  com.ordint.tcpears.server.TCPServer - Listening on port 5018
22:18:30.317 [main] INFO  com.ordint.tcpears.server.TCPServer - Listening on port 5019
22:18:30.317 [main] INFO  com.ordint.tcpears.server.TCPServer - Listening on port 5020
22:18:30.317 [main] INFO  com.ordint.tcpears.server.TCPServer - Admin rest server listening on 6013
22:22:13.701 [nioEventLoopGroup-3-3] INFO  c.o.t.s.impl.MySqlReplayService - Replay id: 35770285
22:22:13.706 [nioEventLoopGroup-3-3] INFO  c.o.t.s.i.AdministrationServiceImpl - returning replay id 35770285
22:27:31.795 [pool-3-thread-1] INFO  c.o.t.s.impl.MySqlReplayService - Finished replay!
22:32:45.295 [nioEventLoopGroup-3-8] INFO  c.o.t.s.impl.MySqlReplayService - Replay id: 1098010464
22:32:45.295 [nioEventLoopGroup-3-8] INFO  c.o.t.s.i.AdministrationServiceImpl - returning replay id 1098010464
22:36:48.441 [pool-3-thread-1] INFO  c.o.t.s.impl.MySqlReplayService - Finished replay!
22:39:18.358 [main] INFO  com.ordint.tcpears.server.TCPServer - Starting server....
22:39:18.365 [main] INFO  com.ordint.tcpears.server.TCPServer - Binding tcp ports
22:39:18.365 [main] INFO  com.ordint.tcpears.server.TCPServer - Listening on port 5011
22:39:18.491 [main] INFO  com.ordint.tcpears.server.TCPServer - Listening on port 5012
22:39:18.491 [main] INFO  com.ordint.tcpears.server.TCPServer - Listening on port 5013
22:39:18.491 [main] INFO  com.ordint.tcpears.server.TCPServer - Listening on port 5014
22:39:18.491 [main] INFO  com.ordint.tcpears.server.TCPServer - Listening on port 5015
22:39:18.491 [main] INFO  com.ordint.tcpears.server.TCPServer - Listening on port 5016
22:39:18.491 [main] INFO  com.ordint.tcpears.server.TCPServer - Listening on port 5017
22:39:18.491 [main] INFO  com.ordint.tcpears.server.TCPServer - Listening on port 5018
22:39:18.491 [main] INFO  com.ordint.tcpears.server.TCPServer - Listening on port 5019
22:39:18.491 [main] INFO  com.ordint.tcpears.server.TCPServer - Listening on port 5020
22:39:18.491 [main] INFO  com.ordint.tcpears.server.TCPServer - Binding udp ports
22:39:18.491 [main] INFO  com.ordint.tcpears.server.TCPServer - Listening on port 5011
22:39:18.507 [main] INFO  com.ordint.tcpears.server.TCPServer - Listening on port 5012
22:39:18.507 [main] INFO  com.ordint.tcpears.server.TCPServer - Listening on port 5013
22:39:18.507 [main] INFO  com.ordint.tcpears.server.TCPServer - Listening on port 5014
22:39:18.507 [main] INFO  com.ordint.tcpears.server.TCPServer - Listening on port 5015
22:39:18.507 [main] INFO  com.ordint.tcpears.server.TCPServer - Listening on port 5016
22:39:18.507 [main] INFO  com.ordint.tcpears.server.TCPServer - Listening on port 5017
22:39:18.507 [main] INFO  com.ordint.tcpears.server.TCPServer - Listening on port 5018
22:39:18.507 [main] INFO  com.ordint.tcpears.server.TCPServer - Listening on port 5019
22:39:18.507 [main] INFO  com.ordint.tcpears.server.TCPServer - Listening on port 5020
22:39:18.507 [main] INFO  com.ordint.tcpears.server.TCPServer - Admin rest server listening on 6013
00:05:37.250 [main] INFO  com.ordint.tcpears.server.TCPServer - Starting server....
00:05:37.267 [main] INFO  com.ordint.tcpears.server.TCPServer - Binding tcp ports
00:05:37.267 [main] INFO  com.ordint.tcpears.server.TCPServer - Listening on port 5011
00:05:37.377 [main] INFO  com.ordint.tcpears.server.TCPServer - Listening on port 5012
00:05:37.377 [main] INFO  com.ordint.tcpears.server.TCPServer - Listening on port 5013
00:05:37.377 [main] INFO  com.ordint.tcpears.server.TCPServer - Listening on port 5014
00:05:37.377 [main] INFO  com.ordint.tcpears.server.TCPServer - Listening on port 5015
00:05:37.377 [main] INFO  com.ordint.tcpears.server.TCPServer - Listening on port 5016
00:05:37.377 [main] INFO  com.ordint.tcpears.server.TCPServer - Listening on port 5017
00:05:37.377 [main] INFO  com.ordint.tcpears.server.TCPServer - Listening on port 5018
00:05:37.377 [main] INFO  com.ordint.tcpears.server.TCPServer - Listening on port 5019
00:05:37.377 [main] INFO  com.ordint.tcpears.server.TCPServer - Listening on port 5020
00:05:37.377 [main] INFO  com.ordint.tcpears.server.TCPServer - Binding udp ports
00:05:37.377 [main] INFO  com.ordint.tcpears.server.TCPServer - Listening on port 5011
00:05:37.393 [main] INFO  com.ordint.tcpears.server.TCPServer - Listening on port 5012
00:05:37.393 [main] INFO  com.ordint.tcpears.server.TCPServer - Listening on port 5013
00:05:37.393 [main] INFO  com.ordint.tcpears.server.TCPServer - Listening on port 5014
00:05:37.393 [main] INFO  com.ordint.tcpears.server.TCPServer - Listening on port 5015
00:05:37.393 [main] INFO  com.ordint.tcpears.server.TCPServer - Listening on port 5016
00:05:37.393 [main] INFO  com.ordint.tcpears.server.TCPServer - Listening on port 5017
00:05:37.393 [main] INFO  com.ordint.tcpears.server.TCPServer - Listening on port 5018
00:05:37.393 [main] INFO  com.ordint.tcpears.server.TCPServer - Listening on port 5019
00:05:37.393 [main] INFO  com.ordint.tcpears.server.TCPServer - Listening on port 5020
00:05:37.393 [main] INFO  com.ordint.tcpears.server.TCPServer - Admin rest server listening on 6013
00:09:35.272 [main] INFO  com.ordint.tcpears.server.TCPServer - Starting server....
00:09:35.284 [main] INFO  com.ordint.tcpears.server.TCPServer - Binding tcp ports
00:09:35.284 [main] INFO  com.ordint.tcpears.server.TCPServer - Listening on port 5011
00:09:35.394 [main] INFO  com.ordint.tcpears.server.TCPServer - Listening on port 5012
00:09:35.394 [main] INFO  com.ordint.tcpears.server.TCPServer - Listening on port 5013
00:09:35.394 [main] INFO  com.ordint.tcpears.server.TCPServer - Listening on port 5014
00:09:35.394 [main] INFO  com.ordint.tcpears.server.TCPServer - Listening on port 5015
00:09:35.394 [main] INFO  com.ordint.tcpears.server.TCPServer - Listening on port 5016
00:09:35.394 [main] INFO  com.ordint.tcpears.server.TCPServer - Listening on port 5017
00:09:35.394 [main] INFO  com.ordint.tcpears.server.TCPServer - Listening on port 5018
00:09:35.394 [main] INFO  com.ordint.tcpears.server.TCPServer - Listening on port 5019
00:09:35.394 [main] INFO  com.ordint.tcpears.server.TCPServer - Listening on port 5020
00:09:35.394 [main] INFO  com.ordint.tcpears.server.TCPServer - Binding udp ports
00:09:35.394 [main] INFO  com.ordint.tcpears.server.TCPServer - Listening on port 5011
00:09:35.394 [main] INFO  com.ordint.tcpears.server.TCPServer - Listening on port 5012
00:09:35.394 [main] INFO  com.ordint.tcpears.server.TCPServer - Listening on port 5013
00:09:35.394 [main] INFO  com.ordint.tcpears.server.TCPServer - Listening on port 5014
00:09:35.394 [main] INFO  com.ordint.tcpears.server.TCPServer - Listening on port 5015
00:09:35.394 [main] INFO  com.ordint.tcpears.server.TCPServer - Listening on port 5016
00:09:35.394 [main] INFO  com.ordint.tcpears.server.TCPServer - Listening on port 5017
00:09:35.394 [main] INFO  com.ordint.tcpears.server.TCPServer - Listening on port 5018
00:09:35.394 [main] INFO  com.ordint.tcpears.server.TCPServer - Listening on port 5019
00:09:35.394 [main] INFO  com.ordint.tcpears.server.TCPServer - Listening on port 5020
00:09:35.410 [main] INFO  com.ordint.tcpears.server.TCPServer - Admin rest server listening on 6013
01:09:15.336 [main] INFO  com.ordint.tcpears.server.TCPServer - Starting server....
01:09:15.345 [main] INFO  com.ordint.tcpears.server.TCPServer - Binding tcp ports
01:09:15.346 [main] INFO  com.ordint.tcpears.server.TCPServer - Listening on port 5011
01:09:15.455 [main] INFO  com.ordint.tcpears.server.TCPServer - Listening on port 5012
01:09:15.455 [main] INFO  com.ordint.tcpears.server.TCPServer - Listening on port 5013
01:09:15.455 [main] INFO  com.ordint.tcpears.server.TCPServer - Listening on port 5014
01:09:15.455 [main] INFO  com.ordint.tcpears.server.TCPServer - Listening on port 5015
01:09:15.455 [main] INFO  com.ordint.tcpears.server.TCPServer - Listening on port 5016
01:09:15.455 [main] INFO  com.ordint.tcpears.server.TCPServer - Listening on port 5017
01:09:15.455 [main] INFO  com.ordint.tcpears.server.TCPServer - Listening on port 5018
01:09:15.455 [main] INFO  com.ordint.tcpears.server.TCPServer - Listening on port 5019
01:09:15.455 [main] INFO  com.ordint.tcpears.server.TCPServer - Listening on port 5020
01:09:15.455 [main] INFO  com.ordint.tcpears.server.TCPServer - Binding udp ports
01:09:15.455 [main] INFO  com.ordint.tcpears.server.TCPServer - Listening on port 5011
01:09:15.471 [main] INFO  com.ordint.tcpears.server.TCPServer - Listening on port 5012
01:09:15.471 [main] INFO  com.ordint.tcpears.server.TCPServer - Listening on port 5013
01:09:15.471 [main] INFO  com.ordint.tcpears.server.TCPServer - Listening on port 5014
01:09:15.471 [main] INFO  com.ordint.tcpears.server.TCPServer - Listening on port 5015
01:09:15.471 [main] INFO  com.ordint.tcpears.server.TCPServer - Listening on port 5016
01:09:15.471 [main] INFO  com.ordint.tcpears.server.TCPServer - Listening on port 5017
01:09:15.471 [main] INFO  com.ordint.tcpears.server.TCPServer - Listening on port 5018
01:09:15.471 [main] INFO  com.ordint.tcpears.server.TCPServer - Listening on port 5019
01:09:15.471 [main] INFO  com.ordint.tcpears.server.TCPServer - Listening on port 5020
01:09:15.471 [main] INFO  com.ordint.tcpears.server.TCPServer - Admin rest server listening on 6013
01:32:38.169 [main] DEBUG c.o.t.service.impl.ClientManagerImpl - Tracking group groupId
01:32:38.231 [main] DEBUG c.o.t.service.impl.ClientManagerImpl - Tracking group groupId
01:32:38.247 [main] DEBUG c.o.t.service.impl.ClientManagerImpl - Tracking group groupId
01:32:38.247 [main] DEBUG c.o.t.service.impl.ClientManagerImpl - Stop Tracking group groupId
02:07:15.682 [main] DEBUG c.o.t.service.impl.ClientManagerImpl - Tracking group groupId
02:07:19.393 [main] DEBUG c.o.t.service.impl.ClientManagerImpl - Tracking group groupId
02:07:19.759 [main] DEBUG c.o.t.service.impl.ClientManagerImpl - Tracking group groupId
02:07:19.774 [main] DEBUG c.o.t.service.impl.ClientManagerImpl - Stop Tracking group groupId
02:08:38.193 [main] DEBUG c.o.t.service.impl.ClientManagerImpl - Tracking group groupId
02:08:38.240 [main] DEBUG c.o.t.service.impl.ClientManagerImpl - Tracking group groupId
02:08:38.255 [main] DEBUG c.o.t.service.impl.ClientManagerImpl - Tracking group groupId
02:08:38.255 [main] DEBUG c.o.t.service.impl.ClientManagerImpl - Stop Tracking group groupId
10:55:53.458 [main] DEBUG c.o.t.service.impl.ClientManagerImpl - Tracking group groupId
10:55:53.543 [main] DEBUG c.o.t.service.impl.ClientManagerImpl - Tracking group groupId
10:55:53.556 [main] DEBUG c.o.t.service.impl.ClientManagerImpl - Tracking group groupId
10:55:53.558 [main] DEBUG c.o.t.service.impl.ClientManagerImpl - Stop Tracking group groupId
11:02:34.298 [main] DEBUG c.o.t.service.impl.ClientManagerImpl - Tracking group groupId
11:02:34.344 [main] DEBUG c.o.t.service.impl.ClientManagerImpl - Tracking group groupId
11:02:34.353 [main] DEBUG c.o.t.service.impl.ClientManagerImpl - Tracking group groupId
11:02:34.357 [main] DEBUG c.o.t.service.impl.ClientManagerImpl - Stop Tracking group groupId
