22:04:09.020 [main] DEBUG c.o.t.service.impl.ClientManagerImpl - Tracking group groupId
22:04:09.149 [main] DEBUG c.o.t.service.impl.ClientManagerImpl - Tracking group groupId
22:04:09.184 [main] DEBUG c.o.t.service.impl.ClientManagerImpl - Tracking group groupId
22:04:09.185 [main] DEBUG c.o.t.service.impl.ClientManagerImpl - Stop Tracking group groupId
22:10:16.484 [main] DEBUG c.o.t.service.impl.ClientManagerImpl - Tracking group groupId
22:10:16.508 [main] DEBUG c.o.t.service.impl.ClientManagerImpl - Tracking group groupId
22:10:16.515 [main] DEBUG c.o.t.service.impl.ClientManagerImpl - Tracking group groupId
22:10:16.516 [main] DEBUG c.o.t.service.impl.ClientManagerImpl - Stop Tracking group groupId
22:23:14.337 [main] INFO  com.ordint.tcpears.server.TCPServer - Starting server....
22:23:14.341 [main] INFO  com.ordint.tcpears.server.TCPServer - Binding tcp ports
22:23:14.341 [main] INFO  com.ordint.tcpears.server.TCPServer - Listening on port 5011
22:23:14.460 [main] INFO  com.ordint.tcpears.server.TCPServer - Listening on port 5012
22:23:14.460 [main] INFO  com.ordint.tcpears.server.TCPServer - Listening on port 5013
22:23:14.460 [main] INFO  com.ordint.tcpears.server.TCPServer - Listening on port 5014
22:23:14.461 [main] INFO  com.ordint.tcpears.server.TCPServer - Listening on port 5015
22:23:14.462 [main] INFO  com.ordint.tcpears.server.TCPServer - Listening on port 5016
22:23:14.462 [main] INFO  com.ordint.tcpears.server.TCPServer - Listening on port 5017
22:23:14.462 [main] INFO  com.ordint.tcpears.server.TCPServer - Listening on port 5018
22:23:14.463 [main] INFO  com.ordint.tcpears.server.TCPServer - Listening on port 5019
22:23:14.463 [main] INFO  com.ordint.tcpears.server.TCPServer - Listening on port 5020
22:23:14.463 [main] INFO  com.ordint.tcpears.server.TCPServer - Binding udp ports
22:23:14.463 [main] INFO  com.ordint.tcpears.server.TCPServer - Listening on port 5011
22:23:14.479 [main] INFO  com.ordint.tcpears.server.TCPServer - Listening on port 5012
22:23:14.480 [main] INFO  com.ordint.tcpears.server.TCPServer - Listening on port 5013
22:23:14.480 [main] INFO  com.ordint.tcpears.server.TCPServer - Listening on port 5014
22:23:14.481 [main] INFO  com.ordint.tcpears.server.TCPServer - Listening on port 5015
22:23:14.481 [main] INFO  com.ordint.tcpears.server.TCPServer - Listening on port 5016
22:23:14.481 [main] INFO  com.ordint.tcpears.server.TCPServer - Listening on port 5017
22:23:14.481 [main] INFO  com.ordint.tcpears.server.TCPServer - Listening on port 5018
22:23:14.482 [main] INFO  com.ordint.tcpears.server.TCPServer - Listening on port 5019
22:23:14.482 [main] INFO  com.ordint.tcpears.server.TCPServer - Listening on port 5020
22:23:14.482 [main] INFO  com.ordint.tcpears.server.TCPServer - Admin rest server listening on 6013
22:27:21.611 [main] DEBUG c.o.t.service.impl.ClientManagerImpl - Tracking group groupId
22:27:21.718 [main] DEBUG c.o.t.service.impl.ClientManagerImpl - Tracking group groupId
22:27:21.727 [main] DEBUG c.o.t.service.impl.ClientManagerImpl - Tracking group groupId
22:27:21.728 [main] DEBUG c.o.t.service.impl.ClientManagerImpl - Stop Tracking group groupId
